<?xml version="1.0" encoding="UTF-8"?>
<!-- Generated by org.testng.reporters.JUnitXMLReporter -->
<testsuite hostname="NIKANSAL-VWQYE" name="Default test" tests="3" failures="0" timestamp="30 Jun 2019 09:13:40 GMT" time="149.885" errors="0">
  <testcase name="testExportCps" time="48.566" classname="com.cisco.gui.automation.CPSCentralBasicAutomationTest"/>
  <testcase name="testImportCps" time="79.093" classname="com.cisco.gui.automation.CPSCentralBasicAutomationTest"/>
  <testcase name="testLoginToCpsCentral" time="14.076" classname="com.cisco.gui.automation.CPSCentralBasicAutomationTest"/>
</testsuite> <!-- Default test -->
