<?xml version="1.0" encoding="UTF-8"?>
<!-- Generated by org.testng.reporters.JUnitXMLReporter -->
<testsuite hostname="NIKANSAL-VWQYE" name="Test" tests="4" failures="0" timestamp="3 Jul 2019 19:29:27 GMT" time="291.859" errors="0">
  <testcase name="testLoadRepositoryAfterLogin" time="134.863" classname="com.cisco.gui.automation.PolicyBuilderBasicAutomationTest"/>
  <testcase name="testExportCps" time="44.887" classname="com.cisco.gui.automation.CPSCentralBasicAutomationTest"/>
  <testcase name="testImportCps" time="78.511" classname="com.cisco.gui.automation.CPSCentralBasicAutomationTest"/>
  <testcase name="testLoginToCpsCentral" time="13.158" classname="com.cisco.gui.automation.CPSCentralBasicAutomationTest"/>
</testsuite> <!-- Test -->
