<?xml version="1.0" encoding="UTF-8"?>
<!-- Generated by org.testng.reporters.JUnitXMLReporter -->
<testsuite hostname="NIKANSAL-VWQYE" name="Test" tests="2" failures="1" timestamp="29 Jun 2019 23:17:02 GMT" time="57.115" errors="0">
  <testcase name="testLoadRepositoryAfterLogin" time="0.18" classname="com.cisco.gui.automation.PolicyBuilderBasicAutomationTest">
    <failure type="java.lang.IllegalStateException" message="0 Elements for (//input)[1]">
      <![CDATA[java.lang.IllegalStateException: 0 Elements for (//input)[1]
	at org.eclipse.rap.selenium.RapBot.checkElementCount(RapBot.java:406)
	at org.eclipse.rap.selenium.RapBot.input(RapBot.java:199)
	at org.eclipse.rap.selenium.RapBot.input(RapBot.java:195)
	at com.cisco.gui.automation.PolicyBuilderBasicAutomationTest.testLoadRepositoryAfterLogin(PolicyBuilderBasicAutomationTest.java:58)
	at org.apache.maven.surefire.testng.TestNGExecutor.run(TestNGExecutor.java:283)
	at org.apache.maven.surefire.testng.TestNGXmlTestSuite.execute(TestNGXmlTestSuite.java:75)
	at org.apache.maven.surefire.testng.TestNGProvider.invoke(TestNGProvider.java:120)
	at org.apache.maven.surefire.booter.ForkedBooter.invokeProviderInSameClassLoader(ForkedBooter.java:386)
	at org.apache.maven.surefire.booter.ForkedBooter.runSuitesInProcess(ForkedBooter.java:323)
	at org.apache.maven.surefire.booter.ForkedBooter.main(ForkedBooter.java:143)
... Removed 21 stack frames]]>
    </failure>
  </testcase> <!-- testLoadRepositoryAfterLogin -->
  <testcase name="testLoginToCpsCentral" time="12.45" classname="com.cisco.gui.automation.CPSCentralBasicAutomationTest"/>
</testsuite> <!-- Test -->
