<?xml version="1.0" encoding="UTF-8"?>
<testng-results skipped="0" failed="1" total="2" passed="1">
  <reporter-output>
  </reporter-output>
  <suite name="Suite" duration-ms="57115" started-at="2019-06-29T23:16:05Z" finished-at="2019-06-29T23:17:02Z">
    <groups>
    </groups>
    <test name="Test" duration-ms="57115" started-at="2019-06-29T23:16:05Z" finished-at="2019-06-29T23:17:02Z">
      <class name="com.cisco.gui.automation.CPSCentralBasicAutomationTest">
        <test-method status="PASS" signature="setUp()[pri:0, instance:com.cisco.gui.automation.CPSCentralBasicAutomationTest@1e67b872]" name="setUp" is-config="true" duration-ms="15086" started-at="2019-06-29T16:16:33Z" finished-at="2019-06-29T16:16:48Z">
          <reporter-output>
          </reporter-output>
        </test-method> <!-- setUp -->
        <test-method status="PASS" signature="testLoginToCpsCentral()[pri:0, instance:com.cisco.gui.automation.CPSCentralBasicAutomationTest@1e67b872]" name="testLoginToCpsCentral" duration-ms="12450" started-at="2019-06-29T16:16:48Z" finished-at="2019-06-29T16:17:00Z">
          <reporter-output>
          </reporter-output>
        </test-method> <!-- testLoginToCpsCentral -->
        <test-method status="PASS" signature="tearDown()[pri:0, instance:com.cisco.gui.automation.CPSCentralBasicAutomationTest@1e67b872]" name="tearDown" is-config="true" duration-ms="1791" started-at="2019-06-29T16:17:00Z" finished-at="2019-06-29T16:17:02Z">
          <reporter-output>
          </reporter-output>
        </test-method> <!-- tearDown -->
      </class> <!-- com.cisco.gui.automation.CPSCentralBasicAutomationTest -->
      <class name="com.cisco.gui.automation.PolicyBuilderBasicAutomationTest">
        <test-method status="PASS" signature="setUp()[pri:0, instance:com.cisco.gui.automation.PolicyBuilderBasicAutomationTest@1936f0f5]" name="setUp" is-config="true" duration-ms="25909" started-at="2019-06-29T16:16:05Z" finished-at="2019-06-29T16:16:31Z">
          <reporter-output>
          </reporter-output>
        </test-method> <!-- setUp -->
        <test-method status="FAIL" signature="testLoadRepositoryAfterLogin()[pri:0, instance:com.cisco.gui.automation.PolicyBuilderBasicAutomationTest@1936f0f5]" name="testLoadRepositoryAfterLogin" duration-ms="180" started-at="2019-06-29T16:16:31Z" finished-at="2019-06-29T16:16:31Z">
          <exception class="java.lang.IllegalStateException">
            <message>
              <![CDATA[0 Elements for (//input)[1]]]>
            </message>
            <full-stacktrace>
              <![CDATA[java.lang.IllegalStateException: 0 Elements for (//input)[1]
	at org.eclipse.rap.selenium.RapBot.checkElementCount(RapBot.java:406)
	at org.eclipse.rap.selenium.RapBot.input(RapBot.java:199)
	at org.eclipse.rap.selenium.RapBot.input(RapBot.java:195)
	at com.cisco.gui.automation.PolicyBuilderBasicAutomationTest.testLoadRepositoryAfterLogin(PolicyBuilderBasicAutomationTest.java:58)
	at sun.reflect.NativeMethodAccessorImpl.invoke0(Native Method)
	at sun.reflect.NativeMethodAccessorImpl.invoke(NativeMethodAccessorImpl.java:62)
	at sun.reflect.DelegatingMethodAccessorImpl.invoke(DelegatingMethodAccessorImpl.java:43)
	at java.lang.reflect.Method.invoke(Method.java:498)
	at org.testng.internal.MethodInvocationHelper.invokeMethod(MethodInvocationHelper.java:80)
	at org.testng.internal.Invoker.invokeMethod(Invoker.java:714)
	at org.testng.internal.Invoker.invokeTestMethod(Invoker.java:901)
	at org.testng.internal.Invoker.invokeTestMethods(Invoker.java:1231)
	at org.testng.internal.TestMethodWorker.invokeTestMethods(TestMethodWorker.java:127)
	at org.testng.internal.TestMethodWorker.run(TestMethodWorker.java:111)
	at org.testng.TestRunner.privateRun(TestRunner.java:767)
	at org.testng.TestRunner.run(TestRunner.java:617)
	at org.testng.SuiteRunner.runTest(SuiteRunner.java:334)
	at org.testng.SuiteRunner.runSequentially(SuiteRunner.java:329)
	at org.testng.SuiteRunner.privateRun(SuiteRunner.java:291)
	at org.testng.SuiteRunner.run(SuiteRunner.java:240)
	at org.testng.SuiteRunnerWorker.runSuite(SuiteRunnerWorker.java:52)
	at org.testng.SuiteRunnerWorker.run(SuiteRunnerWorker.java:86)
	at org.testng.TestNG.runSuitesSequentially(TestNG.java:1198)
	at org.testng.TestNG.runSuitesLocally(TestNG.java:1123)
	at org.testng.TestNG.run(TestNG.java:1031)
	at org.apache.maven.surefire.testng.TestNGExecutor.run(TestNGExecutor.java:283)
	at org.apache.maven.surefire.testng.TestNGXmlTestSuite.execute(TestNGXmlTestSuite.java:75)
	at org.apache.maven.surefire.testng.TestNGProvider.invoke(TestNGProvider.java:120)
	at org.apache.maven.surefire.booter.ForkedBooter.invokeProviderInSameClassLoader(ForkedBooter.java:386)
	at org.apache.maven.surefire.booter.ForkedBooter.runSuitesInProcess(ForkedBooter.java:323)
	at org.apache.maven.surefire.booter.ForkedBooter.main(ForkedBooter.java:143)
]]>
            </full-stacktrace>
          </exception> <!-- java.lang.IllegalStateException -->
          <reporter-output>
          </reporter-output>
        </test-method> <!-- testLoadRepositoryAfterLogin -->
        <test-method status="PASS" signature="tearDown()[pri:0, instance:com.cisco.gui.automation.PolicyBuilderBasicAutomationTest@1936f0f5]" name="tearDown" is-config="true" duration-ms="1670" started-at="2019-06-29T16:16:31Z" finished-at="2019-06-29T16:16:33Z">
          <reporter-output>
          </reporter-output>
        </test-method> <!-- tearDown -->
      </class> <!-- com.cisco.gui.automation.PolicyBuilderBasicAutomationTest -->
    </test> <!-- Test -->
  </suite> <!-- Suite -->
</testng-results>
