<?xml version="1.0" encoding="UTF-8"?>
<testng-results skipped="0" failed="0" total="4" passed="4">
  <reporter-output>
  </reporter-output>
  <suite name="Suite" duration-ms="291859" started-at="2019-07-03T19:24:35Z" finished-at="2019-07-03T19:29:27Z">
    <groups>
    </groups>
    <test name="Test" duration-ms="291859" started-at="2019-07-03T19:24:35Z" finished-at="2019-07-03T19:29:27Z">
      <class name="com.cisco.gui.automation.CPSCentralBasicAutomationTest">
        <test-method status="PASS" signature="setUp()[pri:0, instance:com.cisco.gui.automation.CPSCentralBasicAutomationTest@1e67b872]" name="setUp" is-config="true" duration-ms="4944" started-at="2019-07-03T12:27:03Z" finished-at="2019-07-03T12:27:08Z">
          <reporter-output>
          </reporter-output>
        </test-method> <!-- setUp -->
        <test-method status="PASS" signature="testExportCps()[pri:0, instance:com.cisco.gui.automation.CPSCentralBasicAutomationTest@1e67b872]" name="testExportCps" duration-ms="44887" started-at="2019-07-03T12:27:08Z" finished-at="2019-07-03T12:27:52Z">
          <reporter-output>
          </reporter-output>
        </test-method> <!-- testExportCps -->
        <test-method status="PASS" signature="testImportCps()[pri:0, instance:com.cisco.gui.automation.CPSCentralBasicAutomationTest@1e67b872]" name="testImportCps" duration-ms="78511" started-at="2019-07-03T12:27:52Z" finished-at="2019-07-03T12:29:11Z">
          <reporter-output>
          </reporter-output>
        </test-method> <!-- testImportCps -->
        <test-method status="PASS" signature="testLoginToCpsCentral()[pri:0, instance:com.cisco.gui.automation.CPSCentralBasicAutomationTest@1e67b872]" name="testLoginToCpsCentral" duration-ms="13158" started-at="2019-07-03T12:29:11Z" finished-at="2019-07-03T12:29:24Z">
          <reporter-output>
          </reporter-output>
        </test-method> <!-- testLoginToCpsCentral -->
        <test-method status="PASS" signature="tearDown()[pri:0, instance:com.cisco.gui.automation.CPSCentralBasicAutomationTest@1e67b872]" name="tearDown" is-config="true" duration-ms="2853" started-at="2019-07-03T12:29:24Z" finished-at="2019-07-03T12:29:27Z">
          <reporter-output>
          </reporter-output>
        </test-method> <!-- tearDown -->
      </class> <!-- com.cisco.gui.automation.CPSCentralBasicAutomationTest -->
      <class name="com.cisco.gui.automation.PolicyBuilderBasicAutomationTest">
        <test-method status="PASS" signature="setUp()[pri:0, instance:com.cisco.gui.automation.PolicyBuilderBasicAutomationTest@1936f0f5]" name="setUp" is-config="true" duration-ms="10704" started-at="2019-07-03T12:24:35Z" finished-at="2019-07-03T12:24:46Z">
          <reporter-output>
          </reporter-output>
        </test-method> <!-- setUp -->
        <test-method status="PASS" signature="testLoadRepositoryAfterLogin()[pri:0, instance:com.cisco.gui.automation.PolicyBuilderBasicAutomationTest@1936f0f5]" name="testLoadRepositoryAfterLogin" duration-ms="134863" started-at="2019-07-03T12:24:46Z" finished-at="2019-07-03T12:27:01Z">
          <reporter-output>
          </reporter-output>
        </test-method> <!-- testLoadRepositoryAfterLogin -->
        <test-method status="PASS" signature="tearDown()[pri:0, instance:com.cisco.gui.automation.PolicyBuilderBasicAutomationTest@1936f0f5]" name="tearDown" is-config="true" duration-ms="1921" started-at="2019-07-03T12:27:01Z" finished-at="2019-07-03T12:27:03Z">
          <reporter-output>
          </reporter-output>
        </test-method> <!-- tearDown -->
      </class> <!-- com.cisco.gui.automation.PolicyBuilderBasicAutomationTest -->
    </test> <!-- Test -->
  </suite> <!-- Suite -->
</testng-results>
