<?xml version="1.0" encoding="UTF-8"?>
<testng-results skipped="0" failed="0" total="3" passed="3">
  <reporter-output>
  </reporter-output>
  <suite name="Default suite" duration-ms="149885" started-at="2019-06-30T09:11:10Z" finished-at="2019-06-30T09:13:40Z">
    <groups>
    </groups>
    <test name="Default test" duration-ms="149885" started-at="2019-06-30T09:11:10Z" finished-at="2019-06-30T09:13:40Z">
      <class name="com.cisco.gui.automation.CPSCentralBasicAutomationTest">
        <test-method status="PASS" signature="setUp()[pri:0, instance:com.cisco.gui.automation.CPSCentralBasicAutomationTest@7d417077]" name="setUp" is-config="true" duration-ms="6371" started-at="2019-06-30T02:11:10Z" finished-at="2019-06-30T02:11:17Z">
          <reporter-output>
          </reporter-output>
        </test-method> <!-- setUp -->
        <test-method status="PASS" signature="testExportCps()[pri:0, instance:com.cisco.gui.automation.CPSCentralBasicAutomationTest@7d417077]" name="testExportCps" duration-ms="48566" started-at="2019-06-30T02:11:17Z" finished-at="2019-06-30T02:12:05Z">
          <reporter-output>
          </reporter-output>
        </test-method> <!-- testExportCps -->
        <test-method status="PASS" signature="testImportCps()[pri:0, instance:com.cisco.gui.automation.CPSCentralBasicAutomationTest@7d417077]" name="testImportCps" duration-ms="79093" started-at="2019-06-30T02:12:05Z" finished-at="2019-06-30T02:13:24Z">
          <reporter-output>
          </reporter-output>
        </test-method> <!-- testImportCps -->
        <test-method status="PASS" signature="testLoginToCpsCentral()[pri:0, instance:com.cisco.gui.automation.CPSCentralBasicAutomationTest@7d417077]" name="testLoginToCpsCentral" duration-ms="14076" started-at="2019-06-30T02:13:24Z" finished-at="2019-06-30T02:13:39Z">
          <reporter-output>
          </reporter-output>
        </test-method> <!-- testLoginToCpsCentral -->
        <test-method status="PASS" signature="tearDown()[pri:0, instance:com.cisco.gui.automation.CPSCentralBasicAutomationTest@7d417077]" name="tearDown" is-config="true" duration-ms="1755" started-at="2019-06-30T02:13:39Z" finished-at="2019-06-30T02:13:40Z">
          <reporter-output>
          </reporter-output>
        </test-method> <!-- tearDown -->
      </class> <!-- com.cisco.gui.automation.CPSCentralBasicAutomationTest -->
    </test> <!-- Default test -->
  </suite> <!-- Default suite -->
</testng-results>
